<?xml version="1.0" encoding="UTF-8"?>
<!-- Generated by org.testng.reporters.JUnitReportReporter -->
<testsuite hostname="LIN64016036" failures="0" tests="3" name="com.cg.util.ExcelDataProvider" time="11.984" errors="0" timestamp="14 Sep 2020 08:18:53 GMT" skipped="0">
  <testcase classname="com.cg.util.ExcelDataProvider" name="test1" time="4.264"/>
  <testcase classname="com.cg.util.ExcelDataProvider" name="test1" time="3.843"/>
  <testcase classname="com.cg.util.ExcelDataProvider" name="test1" time="3.877"/>
</testsuite> <!-- com.cg.util.ExcelDataProvider -->
