<?xml version="1.0" encoding="UTF-8"?>
<!-- Generated by org.testng.reporters.JUnitReportReporter -->
<testsuite hostname="LIN64016036" failures="0" tests="1" name="com.cg.util.ExtentReport" time="0.564" errors="0" timestamp="14 Sep 2020 15:36:44 GMT" skipped="0">
  <testcase classname="com.cg.util.ExtentReport" name="report" time="0.564"/>
</testsuite> <!-- com.cg.util.ExtentReport -->
