<?xml version="1.0" encoding="UTF-8"?>
<!-- Generated by org.testng.reporters.JUnitReportReporter -->
<testsuite hostname="LIN64016036" failures="0" tests="1" name="com.cg.test.ExcelDataProvider" time="0.000" errors="0" timestamp="09 Oct 2020 13:06:28 GMT" skipped="1">
  <testcase classname="com.cg.test.ExcelDataProvider" name="test1" time="0.000">
    <skipped/>
  </testcase> <!-- test1 -->
</testsuite> <!-- com.cg.test.ExcelDataProvider -->
